<?xml version="1.0" encoding="UTF-8"?>
<testng-results skipped="0" failed="0" ignored="0" total="5" passed="5">
  <reporter-output>
  </reporter-output>
  <suite name="Surefire suite" duration-ms="30435" started-at="2021-10-07T08:35:21Z" finished-at="2021-10-07T08:35:51Z">
    <groups>
      <group name="cucumber">
        <method signature="AbstractTestNGCucumberTests.runScenario(io.cucumber.testng.PickleWrapper, io.cucumber.testng.FeatureWrapper)[pri:0, instance:parallel.ParallelRunner@6a4f787b]" name="runScenario" class="io.cucumber.testng.AbstractTestNGCucumberTests"/>
      </group> <!-- cucumber -->
    </groups>
    <test name="Surefire test" duration-ms="30435" started-at="2021-10-07T08:35:21Z" finished-at="2021-10-07T08:35:51Z">
      <class name="parallel.ParallelRunner">
        <test-method status="PASS" signature="setUpClass()[pri:0, instance:parallel.ParallelRunner@6a4f787b]" name="setUpClass" is-config="true" duration-ms="653" started-at="2021-10-07T08:35:21Z" finished-at="2021-10-07T08:35:22Z">
          <reporter-output>
          </reporter-output>
        </test-method> <!-- setUpClass -->
        <test-method status="PASS" signature="runScenario(io.cucumber.testng.PickleWrapper, io.cucumber.testng.FeatureWrapper)[pri:0, instance:parallel.ParallelRunner@6a4f787b]" name="runScenario" duration-ms="18974" started-at="2021-10-07T08:35:22Z" description="Runs Cucumber Scenarios" data-provider="scenarios" finished-at="2021-10-07T08:35:41Z">
          <params>
            <param index="0">
              <value>
                <![CDATA["Login page Title"]]>
              </value>
            </param>
            <param index="1">
              <value>
                <![CDATA["Optional[Login Page Feture]"]]>
              </value>
            </param>
          </params>
          <reporter-output>
          </reporter-output>
        </test-method> <!-- runScenario -->
        <test-method status="PASS" signature="runScenario(io.cucumber.testng.PickleWrapper, io.cucumber.testng.FeatureWrapper)[pri:0, instance:parallel.ParallelRunner@6a4f787b]" name="runScenario" duration-ms="19585" started-at="2021-10-07T08:35:22Z" description="Runs Cucumber Scenarios" data-provider="scenarios" finished-at="2021-10-07T08:35:41Z">
          <params>
            <param index="0">
              <value>
                <![CDATA["Forgot Password Link"]]>
              </value>
            </param>
            <param index="1">
              <value>
                <![CDATA["Optional[Login Page Feture]"]]>
              </value>
            </param>
          </params>
          <reporter-output>
          </reporter-output>
        </test-method> <!-- runScenario -->
        <test-method status="PASS" signature="runScenario(io.cucumber.testng.PickleWrapper, io.cucumber.testng.FeatureWrapper)[pri:0, instance:parallel.ParallelRunner@6a4f787b]" name="runScenario" duration-ms="26296" started-at="2021-10-07T08:35:22Z" description="Runs Cucumber Scenarios" data-provider="scenarios" finished-at="2021-10-07T08:35:48Z">
          <params>
            <param index="0">
              <value>
                <![CDATA["Account page title"]]>
              </value>
            </param>
            <param index="1">
              <value>
                <![CDATA["Optional[Account Page Feature]"]]>
              </value>
            </param>
          </params>
          <reporter-output>
          </reporter-output>
        </test-method> <!-- runScenario -->
        <test-method status="PASS" signature="runScenario(io.cucumber.testng.PickleWrapper, io.cucumber.testng.FeatureWrapper)[pri:0, instance:parallel.ParallelRunner@6a4f787b]" name="runScenario" duration-ms="26324" started-at="2021-10-07T08:35:22Z" description="Runs Cucumber Scenarios" data-provider="scenarios" finished-at="2021-10-07T08:35:48Z">
          <params>
            <param index="0">
              <value>
                <![CDATA["Account section count"]]>
              </value>
            </param>
            <param index="1">
              <value>
                <![CDATA["Optional[Account Page Feature]"]]>
              </value>
            </param>
          </params>
          <reporter-output>
          </reporter-output>
        </test-method> <!-- runScenario -->
        <test-method status="PASS" signature="runScenario(io.cucumber.testng.PickleWrapper, io.cucumber.testng.FeatureWrapper)[pri:0, instance:parallel.ParallelRunner@6a4f787b]" name="runScenario" duration-ms="26135" started-at="2021-10-07T08:35:22Z" description="Runs Cucumber Scenarios" data-provider="scenarios" finished-at="2021-10-07T08:35:48Z">
          <params>
            <param index="0">
              <value>
                <![CDATA["Login with correct credentials"]]>
              </value>
            </param>
            <param index="1">
              <value>
                <![CDATA["Optional[Login Page Feture]"]]>
              </value>
            </param>
          </params>
          <reporter-output>
          </reporter-output>
        </test-method> <!-- runScenario -->
        <test-method status="PASS" signature="tearDownClass()[pri:0, instance:parallel.ParallelRunner@6a4f787b]" name="tearDownClass" is-config="true" duration-ms="3439" started-at="2021-10-07T08:35:48Z" finished-at="2021-10-07T08:35:51Z">
          <reporter-output>
          </reporter-output>
        </test-method> <!-- tearDownClass -->
      </class> <!-- parallel.ParallelRunner -->
    </test> <!-- Surefire test -->
  </suite> <!-- Surefire suite -->
</testng-results>
